<?xml version="1.0" encoding="UTF-8"?>
<robot generator="Robot 7.1 (Python 3.13.0 on win32)" generated="2025-03-10T19:34:45.379632" rpa="false" schemaversion="5">
<suite id="s1" name="Cadastro Perfil" source="c:\Users\luizgoncalves\source\repos\Desafio\test\cadastro_perfil.robot">
<kw name="Realizar acesso da tela" owner="keyword" type="SETUP">
<kw name="Open Browser" owner="SeleniumLibrary">
<msg time="2025-03-10T19:34:45.560766" level="INFO">Opening browser 'chrome' to base url 'https://desafio-equipe.vercel.app/'.</msg>
<arg>${BASE_URL}</arg>
<arg>browser=chrome</arg>
<doc>Opens a new browser instance to the optional ``url``.</doc>
<status status="PASS" start="2025-03-10T19:34:45.560414" elapsed="2.094544"/>
</kw>
<kw name="Maximize Browser Window" owner="SeleniumLibrary">
<doc>Maximizes current browser window.</doc>
<status status="PASS" start="2025-03-10T19:34:47.655244" elapsed="0.036530"/>
</kw>
<status status="PASS" start="2025-03-10T19:34:45.559725" elapsed="2.132239"/>
</kw>
<test id="s1-t1" name="Cenário 3 - Cancelamento do cadastro" line="47">
<kw name="Dado que estou na tela &quot;Cadastrar perfil de usuário inteligente&quot;" owner="keyword">
<kw name="Get Title" owner="SeleniumLibrary">
<msg time="2025-03-10T19:34:47.698517" level="INFO">${titulo_obtido} = Cadastrar Perfil de Usuário Inteligente</msg>
<var>${titulo_obtido}</var>
<doc>Returns the title of the current page.</doc>
<status status="PASS" start="2025-03-10T19:34:47.692889" elapsed="0.005900"/>
</kw>
<kw name="Should Be Equal As Strings" owner="BuiltIn">
<arg>${titulo_obtido}</arg>
<arg>${TITULO_PRINCIPAL}</arg>
<doc>Fails if objects are unequal after converting them to strings.</doc>
<status status="PASS" start="2025-03-10T19:34:47.698990" elapsed="0.000270"/>
</kw>
<doc>Valida que estou na tela de cadastro de perfil de usuário inteligente</doc>
<status status="PASS" start="2025-03-10T19:34:47.692634" elapsed="0.006732"/>
</kw>
<kw name="Quando insere sua impressão digital validada no leitor biométrico" owner="keyword">
<kw name="Click Element" owner="SeleniumLibrary">
<msg time="2025-03-10T19:34:47.700589" level="INFO">Clicking element 'id=impressao-digital'.</msg>
<arg>${campo_impressao_digital}</arg>
<doc>Click the element identified by ``locator``.</doc>
<status status="PASS" start="2025-03-10T19:34:47.700264" elapsed="0.076476"/>
</kw>
<kw name="Get Text" owner="SeleniumLibrary">
<msg time="2025-03-10T19:34:47.807354" level="INFO">${titulo_obtido} = Impressão digital registrada!</msg>
<var>${titulo_obtido}</var>
<arg>id=impressao-digital-text</arg>
<doc>Returns the text value of the element identified by ``locator``.</doc>
<status status="PASS" start="2025-03-10T19:34:47.777091" elapsed="0.030420"/>
</kw>
<kw name="Should Be Equal As Strings" owner="BuiltIn">
<arg>${titulo_obtido}</arg>
<arg>Impressão digital registrada!</arg>
<doc>Fails if objects are unequal after converting them to strings.</doc>
<status status="PASS" start="2025-03-10T19:34:47.807679" elapsed="0.000225"/>
</kw>
<status status="PASS" start="2025-03-10T19:34:47.699995" elapsed="0.108002"/>
</kw>
<kw name="E preenche o campo &quot;Preferências de Navegação&quot;" owner="keyword">
<kw name="Input Text" owner="SeleniumLibrary">
<msg time="2025-03-10T19:34:47.809431" level="INFO">Typing text 'Google Chrome, Edge, Mozilla, Firefox' into text field 'id=preferenciasNavegacao'.</msg>
<arg>${campo_preferencias_navegacao}</arg>
<arg>${PREFERENCIA_NAVEGACAO}</arg>
<doc>Types the given ``text`` into the text field identified by ``locator``.</doc>
<status status="PASS" start="2025-03-10T19:34:47.809033" elapsed="0.156067"/>
</kw>
<status status="PASS" start="2025-03-10T19:34:47.808580" elapsed="0.156824"/>
</kw>
<kw name="E carrego uma foto no campo &quot;Foto de Perfil&quot;" owner="keyword">
<kw name="Choose File" owner="SeleniumLibrary">
<msg time="2025-03-10T19:34:47.966822" level="INFO">Sending C:\Users\luizgoncalves\source\repos\Desafio\imagens\foto.png to browser.</msg>
<arg>${campo_foto_perfil}</arg>
<arg>${CAMINHO_IMAGEM}</arg>
<doc>Inputs the ``file_path`` into the file input field ``locator``.</doc>
<status status="PASS" start="2025-03-10T19:34:47.966425" elapsed="0.032270"/>
</kw>
<status status="PASS" start="2025-03-10T19:34:47.965945" elapsed="0.032979"/>
</kw>
<kw name="E seleciono um idioma no campo &quot;Preferência de Idioma&quot;" owner="keyword">
<kw name="Select From List By Value" owner="SeleniumLibrary">
<msg time="2025-03-10T19:34:48.000223" level="INFO">Selecting options from selection list 'id=idioma' by value es.</msg>
<arg>${campo_preferencia_idioma}</arg>
<arg>${LISTA_IDIOMAS}[2]</arg>
<doc>Selects options from selection list ``locator`` by ``values``.</doc>
<status status="PASS" start="2025-03-10T19:34:47.999872" elapsed="0.119243"/>
</kw>
<status status="PASS" start="2025-03-10T19:34:47.999450" elapsed="0.119837"/>
</kw>
<kw name="E seleciono um nível de privacidade no campo &quot;Nível de Privacidade&quot;" owner="keyword">
<kw name="Select From List By Value" owner="SeleniumLibrary">
<msg time="2025-03-10T19:34:48.120399" level="INFO">Selecting options from selection list 'id=privacidade' by value medio.</msg>
<arg>${campo_nivel_privacidade}</arg>
<arg>${LISTA_NIVEL_PRIVACIDADE}[1]</arg>
<doc>Selects options from selection list ``locator`` by ``values``.</doc>
<status status="PASS" start="2025-03-10T19:34:48.120136" elapsed="0.061870"/>
</kw>
<status status="PASS" start="2025-03-10T19:34:48.119805" elapsed="0.062377"/>
</kw>
<kw name="E marco a opção &quot;Consentimento para Coleta de Dados&quot;" owner="keyword">
<kw name="Run Keyword And Return Status" owner="BuiltIn">
<kw name="Checkbox Should Be Selected" owner="SeleniumLibrary">
<msg time="2025-03-10T19:34:48.183764" level="INFO">Verifying checkbox 'id=consentimento' is selected.</msg>
<msg time="2025-03-10T19:34:48.382384" level="INFO" html="true">&lt;/td&gt;&lt;/tr&gt;&lt;tr&gt;&lt;td colspan="3"&gt;&lt;a href="selenium-screenshot-8.png"&gt;&lt;img src="selenium-screenshot-8.png" width="800px"&gt;&lt;/a&gt;</msg>
<msg time="2025-03-10T19:34:48.382750" level="FAIL">Checkbox 'id=consentimento' should have been selected but was not.</msg>
<arg>${campo_checkbox_consentimento}</arg>
<doc>Verifies checkbox ``locator`` is selected/checked.</doc>
<status status="FAIL" start="2025-03-10T19:34:48.183443" elapsed="0.201144">Checkbox 'id=consentimento' should have been selected but was not.</status>
</kw>
<msg time="2025-03-10T19:34:48.384829" level="INFO">${status} = False</msg>
<var>${status}</var>
<arg>Checkbox Should Be Selected</arg>
<arg>${campo_checkbox_consentimento}</arg>
<doc>Runs the given keyword with given arguments and returns the status as a Boolean value.</doc>
<status status="PASS" start="2025-03-10T19:34:48.183149" elapsed="0.201759"/>
</kw>
<if>
<branch type="IF" condition="not ${status}">
<kw name="Click Element" owner="SeleniumLibrary">
<msg time="2025-03-10T19:34:48.385500" level="INFO">Clicking element 'id=consentimento'.</msg>
<arg>${campo_checkbox_consentimento}</arg>
<doc>Click the element identified by ``locator``.</doc>
<status status="PASS" start="2025-03-10T19:34:48.385293" elapsed="0.059000"/>
</kw>
<status status="PASS" start="2025-03-10T19:34:48.385036" elapsed="0.059407"/>
</branch>
<status status="PASS" start="2025-03-10T19:34:48.385009" elapsed="0.059513"/>
</if>
<status status="PASS" start="2025-03-10T19:34:48.182732" elapsed="0.261844"/>
</kw>
<kw name="E clico no botão &quot;Cancelar&quot;" owner="keyword">
<kw name="Click Element" owner="SeleniumLibrary">
<msg time="2025-03-10T19:34:48.445580" level="INFO">Clicking element 'css=button.btn-cancel'.</msg>
<arg>${botao_cancelar}</arg>
<doc>Click the element identified by ``locator``.</doc>
<status status="PASS" start="2025-03-10T19:34:48.445384" elapsed="0.123394"/>
</kw>
<status status="PASS" start="2025-03-10T19:34:48.445088" elapsed="0.123867"/>
</kw>
<kw name="Então o processo de cadastro é cancelado e os campos são limpos" owner="keyword">
<kw name="Get Value" owner="SeleniumLibrary">
<msg time="2025-03-10T19:34:48.589698" level="INFO">${valor_nome} = </msg>
<var>${valor_nome}</var>
<arg>${campo_nome}</arg>
<doc>Returns the value attribute of the element identified by ``locator``.</doc>
<status status="PASS" start="2025-03-10T19:34:48.569911" elapsed="0.019945"/>
</kw>
<kw name="Get Value" owner="SeleniumLibrary">
<msg time="2025-03-10T19:34:48.601878" level="INFO">${valor_dataNascimento} = </msg>
<var>${valor_dataNascimento}</var>
<arg>${campo_data_nascimento}</arg>
<doc>Returns the value attribute of the element identified by ``locator``.</doc>
<status status="PASS" start="2025-03-10T19:34:48.590020" elapsed="0.012008"/>
</kw>
<kw name="Get Value" owner="SeleniumLibrary">
<msg time="2025-03-10T19:34:48.617026" level="INFO">${valor_preferencias} = </msg>
<var>${valor_preferencias}</var>
<arg>${campo_preferencias_navegacao}</arg>
<doc>Returns the value attribute of the element identified by ``locator``.</doc>
<status status="PASS" start="2025-03-10T19:34:48.602192" elapsed="0.015071"/>
</kw>
<kw name="Should Be Empty" owner="BuiltIn">
<msg time="2025-03-10T19:34:48.618283" level="INFO">Length is 0.</msg>
<arg>${valor_nome}</arg>
<doc>Verifies that the given item is empty.</doc>
<status status="PASS" start="2025-03-10T19:34:48.617551" elapsed="0.001082"/>
</kw>
<kw name="Should Be Empty" owner="BuiltIn">
<msg time="2025-03-10T19:34:48.619190" level="INFO">Length is 0.</msg>
<arg>${valor_dataNascimento}</arg>
<doc>Verifies that the given item is empty.</doc>
<status status="PASS" start="2025-03-10T19:34:48.618932" elapsed="0.000409"/>
</kw>
<kw name="Should Be Empty" owner="BuiltIn">
<msg time="2025-03-10T19:34:48.619717" level="INFO">Length is 0.</msg>
<arg>${valor_preferencias}</arg>
<doc>Verifies that the given item is empty.</doc>
<status status="PASS" start="2025-03-10T19:34:48.619517" elapsed="0.000372"/>
</kw>
<status status="PASS" start="2025-03-10T19:34:48.569614" elapsed="0.050373"/>
</kw>
<status status="PASS" start="2025-03-10T19:34:47.692075" elapsed="0.928482"/>
</test>
<doc>Acessa os campos da tela e valida o cadastro de usuário</doc>
<status status="PASS" start="2025-03-10T19:34:45.383019" elapsed="3.239068"/>
</suite>
<statistics>
<total>
<stat pass="1" fail="0" skip="0">All Tests</stat>
</total>
<tag>
</tag>
<suite>
<stat pass="1" fail="0" skip="0" id="s1" name="Cadastro Perfil">Cadastro Perfil</stat>
</suite>
</statistics>
<errors>
</errors>
</robot>
